<?xml version="1.0" encoding="UTF-8"?>
<testsuite name="be.doji.productivity.trambu.infrastructure.converter.ActivityDataConverterTest" tests="6" skipped="0" failures="0" errors="0" timestamp="2019-09-18T17:59:36" hostname="Raiko" time="0.016">
  <properties/>
  <testcase name="parse_deadlineIsNotEmpty" classname="be.doji.productivity.trambu.infrastructure.converter.ActivityDataConverterTest" time="0.005"/>
  <testcase name="parse_titleIsNotEmpty" classname="be.doji.productivity.trambu.infrastructure.converter.ActivityDataConverterTest" time="0.002"/>
  <testcase name="parse_comments" classname="be.doji.productivity.trambu.infrastructure.converter.ActivityDataConverterTest" time="0.002"/>
  <testcase name="parse_tagsAreNotEmpty" classname="be.doji.productivity.trambu.infrastructure.converter.ActivityDataConverterTest" time="0.001"/>
  <testcase name="parse_referenceKey" classname="be.doji.productivity.trambu.infrastructure.converter.ActivityDataConverterTest" time="0.002"/>
  <testcase name="parse_projectsAreNotEmpty" classname="be.doji.productivity.trambu.infrastructure.converter.ActivityDataConverterTest" time="0.002"/>
  <system-out><![CDATA[2019-09-18 19:59:36.901  INFO 13468 --- [    Test worker] .b.t.c.SpringBootTestContextBootstrapper : Neither @ContextConfiguration nor @ContextHierarchy found for test class [be.doji.productivity.trambu.infrastructure.converter.ActivityDataConverterTest], using SpringBootContextLoader
2019-09-18 19:59:36.901  INFO 13468 --- [    Test worker] o.s.t.c.support.AbstractContextLoader    : Could not detect default resource locations for test class [be.doji.productivity.trambu.infrastructure.converter.ActivityDataConverterTest]: no resource found for suffixes {-context.xml, Context.groovy}.
2019-09-18 19:59:36.902  INFO 13468 --- [    Test worker] t.c.s.AnnotationConfigContextLoaderUtils : Could not detect default configuration classes for test class [be.doji.productivity.trambu.infrastructure.converter.ActivityDataConverterTest]: ActivityDataConverterTest does not declare any static, non-private, non-final, nested classes annotated with @Configuration.
2019-09-18 19:59:36.903  INFO 13468 --- [    Test worker] .b.t.c.SpringBootTestContextBootstrapper : Found @SpringBootConfiguration be.doji.productivity.trambu.infrastructure.TrambuInfrastructureAutoConfiguration for test class be.doji.productivity.trambu.infrastructure.converter.ActivityDataConverterTest
2019-09-18 19:59:36.906  INFO 13468 --- [    Test worker] .b.t.c.SpringBootTestContextBootstrapper : Loaded default TestExecutionListener class names from location [META-INF/spring.factories]: [org.springframework.boot.test.autoconfigure.restdocs.RestDocsTestExecutionListener, org.springframework.boot.test.autoconfigure.web.client.MockRestServiceServerResetTestExecutionListener, org.springframework.boot.test.autoconfigure.web.servlet.MockMvcPrintOnlyOnFailureTestExecutionListener, org.springframework.boot.test.autoconfigure.web.servlet.WebDriverTestExecutionListener, org.springframework.boot.test.mock.mockito.MockitoTestExecutionListener, org.springframework.boot.test.mock.mockito.ResetMocksTestExecutionListener, org.springframework.test.context.web.ServletTestExecutionListener, org.springframework.test.context.support.DirtiesContextBeforeModesTestExecutionListener, org.springframework.test.context.support.DependencyInjectionTestExecutionListener, org.springframework.test.context.support.DirtiesContextTestExecutionListener, org.springframework.test.context.transaction.TransactionalTestExecutionListener, org.springframework.test.context.jdbc.SqlScriptsTestExecutionListener]
2019-09-18 19:59:36.907  INFO 13468 --- [    Test worker] .b.t.c.SpringBootTestContextBootstrapper : Using TestExecutionListeners: [org.springframework.test.context.support.DirtiesContextBeforeModesTestExecutionListener@5420a328, org.springframework.boot.test.mock.mockito.MockitoTestExecutionListener@2f09fa34, org.springframework.boot.test.autoconfigure.SpringBootDependencyInjectionTestExecutionListener@73228c, org.springframework.test.context.support.DirtiesContextTestExecutionListener@5cdeb16d, org.springframework.test.context.transaction.TransactionalTestExecutionListener@db6703d, org.springframework.test.context.jdbc.SqlScriptsTestExecutionListener@6d8ee3e5, org.springframework.boot.test.autoconfigure.restdocs.RestDocsTestExecutionListener@74f0cb9a, org.springframework.boot.test.autoconfigure.web.client.MockRestServiceServerResetTestExecutionListener@5d8c49b0, org.springframework.boot.test.autoconfigure.web.servlet.MockMvcPrintOnlyOnFailureTestExecutionListener@6385eda4, org.springframework.boot.test.autoconfigure.web.servlet.WebDriverTestExecutionListener@790ebbfa, org.springframework.boot.test.mock.mockito.ResetMocksTestExecutionListener@b50035a]
]]></system-out>
  <system-err><![CDATA[]]></system-err>
</testsuite>
