<?xml version="1.0" encoding="UTF-8"?>
<testsuite name="be.doji.productivity.trambu.domain.timelog.TimeLogTest" tests="2" skipped="0" failures="0" errors="0" timestamp="2019-09-18T17:14:51" hostname="Raiko" time="0.011">
  <properties/>
  <testcase name="construction" classname="be.doji.productivity.trambu.domain.timelog.TimeLogTest" time="0.01"/>
  <testcase name="registerTime_manual" classname="be.doji.productivity.trambu.domain.timelog.TimeLogTest" time="0.001"/>
  <system-out><![CDATA[]]></system-out>
  <system-err><![CDATA[]]></system-err>
</testsuite>
