<?xml version="1.0" encoding="UTF-8"?>
<testsuite name="be.doji.productivity.trambu.domain.time.TimeSlotTest" tests="8" skipped="0" failures="0" errors="0" timestamp="2019-09-18T17:14:51" hostname="Raiko" time="0.02">
  <properties/>
  <testcase name="contains_timePointInRange" classname="be.doji.productivity.trambu.domain.time.TimeSlotTest" time="0.009"/>
  <testcase name="getOverlapWithToday_EndInFuture" classname="be.doji.productivity.trambu.domain.time.TimeSlotTest" time="0.006"/>
  <testcase name="between_creation_normalUsage" classname="be.doji.productivity.trambu.domain.time.TimeSlotTest" time="0.001"/>
  <testcase name="contains_timePointOnEndEdge" classname="be.doji.productivity.trambu.domain.time.TimeSlotTest" time="0.001"/>
  <testcase name="contains_timePointOnStartEdge" classname="be.doji.productivity.trambu.domain.time.TimeSlotTest" time="0.001"/>
  <testcase name="between_creation_invertedDates" classname="be.doji.productivity.trambu.domain.time.TimeSlotTest" time="0.001"/>
  <testcase name="contains_timePointNotInRange" classname="be.doji.productivity.trambu.domain.time.TimeSlotTest" time="0.0"/>
  <testcase name="getTimeInHours" classname="be.doji.productivity.trambu.domain.time.TimeSlotTest" time="0.001"/>
  <system-out><![CDATA[]]></system-out>
  <system-err><![CDATA[]]></system-err>
</testsuite>
