<?xml version="1.0" encoding="UTF-8"?>
<testsuite name="be.doji.productivity.trambu.domain.priority.ExpectedEndPriorityCalculatorTest" tests="1" skipped="0" failures="0" errors="0" timestamp="2019-09-18T17:14:50" hostname="Raiko" time="1.289">
  <properties/>
  <testcase name="calculate_happyFlow" classname="be.doji.productivity.trambu.domain.priority.ExpectedEndPriorityCalculatorTest" time="1.289"/>
  <system-out><![CDATA[]]></system-out>
  <system-err><![CDATA[]]></system-err>
</testsuite>
