<?xml version="1.0" encoding="UTF-8"?>
<testsuite name="be.doji.productivity.trambu.domain.time.TimePointTest" tests="24" skipped="0" failures="0" errors="0" timestamp="2019-09-18T17:14:51" hostname="Raiko" time="0.174">
  <properties/>
  <testcase name="isSameDate_differentDates" classname="be.doji.productivity.trambu.domain.time.TimePointTest" time="0.14"/>
  <testcase name="isBefore_endBeforeStart" classname="be.doji.productivity.trambu.domain.time.TimePointTest" time="0.0"/>
  <testcase name="isBeforeOrEqual_startIsNull" classname="be.doji.productivity.trambu.domain.time.TimePointTest" time="0.0"/>
  <testcase name="fromDate" classname="be.doji.productivity.trambu.domain.time.TimePointTest" time="0.011"/>
  <testcase name="isBefore_startIsNull" classname="be.doji.productivity.trambu.domain.time.TimePointTest" time="0.0"/>
  <testcase name="isBeforeOrEqual_startBeforeEnd" classname="be.doji.productivity.trambu.domain.time.TimePointTest" time="0.001"/>
  <testcase name="now_isToday" classname="be.doji.productivity.trambu.domain.time.TimePointTest" time="0.001"/>
  <testcase name="isBefore_startIsNull_bothNull" classname="be.doji.productivity.trambu.domain.time.TimePointTest" time="0.001"/>
  <testcase name="isSameDate_sameDates_differentHours_match" classname="be.doji.productivity.trambu.domain.time.TimePointTest" time="0.001"/>
  <testcase name="fromString_toLocalDateTime_dateOnly" classname="be.doji.productivity.trambu.domain.time.TimePointTest" time="0.001"/>
  <testcase name="fromString_notADate" classname="be.doji.productivity.trambu.domain.time.TimePointTest" time="0.001"/>
  <testcase name="isBefore_endIsNull" classname="be.doji.productivity.trambu.domain.time.TimePointTest" time="0.002"/>
  <testcase name="fromString_toLocalDateTime_full" classname="be.doji.productivity.trambu.domain.time.TimePointTest" time="0.001"/>
  <testcase name="isBeforeOrEqual_endBeforeStart" classname="be.doji.productivity.trambu.domain.time.TimePointTest" time="0.001"/>
  <testcase name="isBeforeOrEqual_startIsNull_bothNull" classname="be.doji.productivity.trambu.domain.time.TimePointTest" time="0.0"/>
  <testcase name="isBeforeOrEqual_endIsNull" classname="be.doji.productivity.trambu.domain.time.TimePointTest" time="0.001"/>
  <testcase name="fromString_legacyNotation" classname="be.doji.productivity.trambu.domain.time.TimePointTest" time="0.001"/>
  <testcase name="isSameDate_differentDates_differentHours" classname="be.doji.productivity.trambu.domain.time.TimePointTest" time="0.001"/>
  <testcase name="write_inputNotValid_throwsException" classname="be.doji.productivity.trambu.domain.time.TimePointTest" time="0.001"/>
  <testcase name="write_returnExpectedString" classname="be.doji.productivity.trambu.domain.time.TimePointTest" time="0.0"/>
  <testcase name="isBeforeOrEqual_sameDate" classname="be.doji.productivity.trambu.domain.time.TimePointTest" time="0.001"/>
  <testcase name="isBefore_startBeforeEnd" classname="be.doji.productivity.trambu.domain.time.TimePointTest" time="0.0"/>
  <testcase name="fromString_toLocalDateTime_withHours" classname="be.doji.productivity.trambu.domain.time.TimePointTest" time="0.0"/>
  <testcase name="isSameDate_sameDates_match" classname="be.doji.productivity.trambu.domain.time.TimePointTest" time="0.001"/>
  <system-out><![CDATA[]]></system-out>
  <system-err><![CDATA[]]></system-err>
</testsuite>
