<?xml version="1.0" encoding="UTF-8"?>
<testsuite name="be.doji.productivity.trambu.domain.activity.ActivityTest" tests="13" skipped="0" failures="0" errors="0" timestamp="2019-09-18T17:14:49" hostname="Raiko" time="0.215">
  <properties/>
  <testcase name="builder_deadlineFromString_empy" classname="be.doji.productivity.trambu.domain.activity.ActivityTest" time="0.186"/>
  <testcase name="builder_deadlineFromString_null" classname="be.doji.productivity.trambu.domain.activity.ActivityTest" time="0.0"/>
  <testcase name="builder_has_customPriority" classname="be.doji.productivity.trambu.domain.activity.ActivityTest" time="0.008"/>
  <testcase name="builder_completed" classname="be.doji.productivity.trambu.domain.activity.ActivityTest" time="0.002"/>
  <testcase name="builder_noName" classname="be.doji.productivity.trambu.domain.activity.ActivityTest" time="0.011"/>
  <testcase name="builder_deadlineFromString_isConverted" classname="be.doji.productivity.trambu.domain.activity.ActivityTest" time="0.001"/>
  <testcase name="builder_has_defaultPriority" classname="be.doji.productivity.trambu.domain.activity.ActivityTest" time="0.0"/>
  <testcase name="isDeadlineExceeded_withDeadlineIn1900" classname="be.doji.productivity.trambu.domain.activity.ActivityTest" time="0.002"/>
  <testcase name="builder_endBeforeStart" classname="be.doji.productivity.trambu.domain.activity.ActivityTest" time="0.0"/>
  <testcase name="activityBuilderBasic" classname="be.doji.productivity.trambu.domain.activity.ActivityTest" time="0.002"/>
  <testcase name="isDeadlineExceeded_default" classname="be.doji.productivity.trambu.domain.activity.ActivityTest" time="0.0"/>
  <testcase name="builder_noParameters" classname="be.doji.productivity.trambu.domain.activity.ActivityTest" time="0.0"/>
  <testcase name="builder_deadlineFromStringThrowsException_notADate" classname="be.doji.productivity.trambu.domain.activity.ActivityTest" time="0.002"/>
  <system-out><![CDATA[]]></system-out>
  <system-err><![CDATA[]]></system-err>
</testsuite>
