<?xml version="1.0" encoding="UTF-8"?>
<testsuite name="be.doji.productivity.trambu.front.model.ActivityModelTest" tests="2" skipped="0" failures="0" errors="0" timestamp="2019-09-18T17:15:07" hostname="Raiko" time="0.0">
  <properties/>
  <testcase name="setProjects" classname="be.doji.productivity.trambu.front.model.ActivityModelTest" time="0.0"/>
  <testcase name="setTags" classname="be.doji.productivity.trambu.front.model.ActivityModelTest" time="0.0"/>
  <system-out><![CDATA[]]></system-out>
  <system-err><![CDATA[]]></system-err>
</testsuite>
