<?xml version="1.0" encoding="UTF-8"?>
<testsuite name="be.doji.productivity.trambu.front.converter.TimeLogConverterTest" tests="2" skipped="0" failures="0" errors="0" timestamp="2019-09-18T17:15:07" hostname="Raiko" time="0.019">
  <properties/>
  <testcase name="parse_dbToModel" classname="be.doji.productivity.trambu.front.converter.TimeLogConverterTest" time="0.002"/>
  <testcase name="parse_modelToDb" classname="be.doji.productivity.trambu.front.converter.TimeLogConverterTest" time="0.016"/>
  <system-out><![CDATA[2019-09-18 19:15:07.597  INFO 14880 --- [    Test worker] .b.t.c.SpringBootTestContextBootstrapper : Neither @ContextConfiguration nor @ContextHierarchy found for test class [be.doji.productivity.trambu.front.converter.TimeLogConverterTest], using SpringBootContextLoader
2019-09-18 19:15:07.598  INFO 14880 --- [    Test worker] o.s.t.c.support.AbstractContextLoader    : Could not detect default resource locations for test class [be.doji.productivity.trambu.front.converter.TimeLogConverterTest]: no resource found for suffixes {-context.xml, Context.groovy}.
2019-09-18 19:15:07.598  INFO 14880 --- [    Test worker] t.c.s.AnnotationConfigContextLoaderUtils : Could not detect default configuration classes for test class [be.doji.productivity.trambu.front.converter.TimeLogConverterTest]: TimeLogConverterTest does not declare any static, non-private, non-final, nested classes annotated with @Configuration.
2019-09-18 19:15:07.599  INFO 14880 --- [    Test worker] .b.t.c.SpringBootTestContextBootstrapper : Found @SpringBootConfiguration be.doji.productivity.trambu.front.TrambuWebApplication for test class be.doji.productivity.trambu.front.converter.TimeLogConverterTest
2019-09-18 19:15:07.600  INFO 14880 --- [    Test worker] .b.t.c.SpringBootTestContextBootstrapper : Loaded default TestExecutionListener class names from location [META-INF/spring.factories]: [org.springframework.boot.test.autoconfigure.restdocs.RestDocsTestExecutionListener, org.springframework.boot.test.autoconfigure.web.client.MockRestServiceServerResetTestExecutionListener, org.springframework.boot.test.autoconfigure.web.servlet.MockMvcPrintOnlyOnFailureTestExecutionListener, org.springframework.boot.test.autoconfigure.web.servlet.WebDriverTestExecutionListener, org.springframework.boot.test.mock.mockito.MockitoTestExecutionListener, org.springframework.boot.test.mock.mockito.ResetMocksTestExecutionListener, org.springframework.test.context.web.ServletTestExecutionListener, org.springframework.test.context.support.DirtiesContextBeforeModesTestExecutionListener, org.springframework.test.context.support.DependencyInjectionTestExecutionListener, org.springframework.test.context.support.DirtiesContextTestExecutionListener, org.springframework.test.context.transaction.TransactionalTestExecutionListener, org.springframework.test.context.jdbc.SqlScriptsTestExecutionListener]
2019-09-18 19:15:07.601  INFO 14880 --- [    Test worker] .b.t.c.SpringBootTestContextBootstrapper : Using TestExecutionListeners: [org.springframework.test.context.web.ServletTestExecutionListener@22a8e52e, org.springframework.test.context.support.DirtiesContextBeforeModesTestExecutionListener@37b5ce3f, org.springframework.boot.test.mock.mockito.MockitoTestExecutionListener@6d7e9530, org.springframework.boot.test.autoconfigure.SpringBootDependencyInjectionTestExecutionListener@11b379be, org.springframework.test.context.support.DirtiesContextTestExecutionListener@74d77f33, org.springframework.test.context.transaction.TransactionalTestExecutionListener@6d0a83a0, org.springframework.test.context.jdbc.SqlScriptsTestExecutionListener@74444c24, org.springframework.boot.test.autoconfigure.restdocs.RestDocsTestExecutionListener@7e30a59b, org.springframework.boot.test.autoconfigure.web.client.MockRestServiceServerResetTestExecutionListener@31d17389, org.springframework.boot.test.autoconfigure.web.servlet.MockMvcPrintOnlyOnFailureTestExecutionListener@8ffe190, org.springframework.boot.test.autoconfigure.web.servlet.WebDriverTestExecutionListener@5e0ca9c7, org.springframework.boot.test.mock.mockito.ResetMocksTestExecutionListener@256bd3e0]
]]></system-out>
  <system-err><![CDATA[]]></system-err>
</testsuite>
