<?xml version="1.0" encoding="UTF-8"?>
<testsuite name="be.doji.productivity.trambu.front.converter.ActivityModelConverterTest" tests="11" skipped="0" failures="0" errors="0" timestamp="2019-09-18T17:15:07" hostname="Raiko" time="0.034">
  <properties/>
  <testcase name="parse_completed" classname="be.doji.productivity.trambu.front.converter.ActivityModelConverterTest" time="0.003"/>
  <testcase name="parse_projects" classname="be.doji.productivity.trambu.front.converter.ActivityModelConverterTest" time="0.002"/>
  <testcase name="toDomain_convertsProjects" classname="be.doji.productivity.trambu.front.converter.ActivityModelConverterTest" time="0.002"/>
  <testcase name="parse_tags" classname="be.doji.productivity.trambu.front.converter.ActivityModelConverterTest" time="0.002"/>
  <testcase name="parse_referenceKey" classname="be.doji.productivity.trambu.front.converter.ActivityModelConverterTest" time="0.002"/>
  <testcase name="toDomain_convertsTitle" classname="be.doji.productivity.trambu.front.converter.ActivityModelConverterTest" time="0.002"/>
  <testcase name="toDomain_convertsDeadline" classname="be.doji.productivity.trambu.front.converter.ActivityModelConverterTest" time="0.003"/>
  <testcase name="parse_defaultFields" classname="be.doji.productivity.trambu.front.converter.ActivityModelConverterTest" time="0.006"/>
  <testcase name="toDomain_convertsCompleted" classname="be.doji.productivity.trambu.front.converter.ActivityModelConverterTest" time="0.002"/>
  <testcase name="parse_timelogs" classname="be.doji.productivity.trambu.front.converter.ActivityModelConverterTest" time="0.002"/>
  <testcase name="toDomain_convertsTags" classname="be.doji.productivity.trambu.front.converter.ActivityModelConverterTest" time="0.001"/>
  <system-out><![CDATA[2019-09-18 19:15:07.551  INFO 14880 --- [    Test worker] .b.t.c.SpringBootTestContextBootstrapper : Neither @ContextConfiguration nor @ContextHierarchy found for test class [be.doji.productivity.trambu.front.converter.ActivityModelConverterTest], using SpringBootContextLoader
2019-09-18 19:15:07.552  INFO 14880 --- [    Test worker] o.s.t.c.support.AbstractContextLoader    : Could not detect default resource locations for test class [be.doji.productivity.trambu.front.converter.ActivityModelConverterTest]: no resource found for suffixes {-context.xml, Context.groovy}.
2019-09-18 19:15:07.553  INFO 14880 --- [    Test worker] t.c.s.AnnotationConfigContextLoaderUtils : Could not detect default configuration classes for test class [be.doji.productivity.trambu.front.converter.ActivityModelConverterTest]: ActivityModelConverterTest does not declare any static, non-private, non-final, nested classes annotated with @Configuration.
2019-09-18 19:15:07.557  INFO 14880 --- [    Test worker] .b.t.c.SpringBootTestContextBootstrapper : Found @SpringBootConfiguration be.doji.productivity.trambu.front.TrambuWebApplication for test class be.doji.productivity.trambu.front.converter.ActivityModelConverterTest
2019-09-18 19:15:07.559  INFO 14880 --- [    Test worker] .b.t.c.SpringBootTestContextBootstrapper : Loaded default TestExecutionListener class names from location [META-INF/spring.factories]: [org.springframework.boot.test.autoconfigure.restdocs.RestDocsTestExecutionListener, org.springframework.boot.test.autoconfigure.web.client.MockRestServiceServerResetTestExecutionListener, org.springframework.boot.test.autoconfigure.web.servlet.MockMvcPrintOnlyOnFailureTestExecutionListener, org.springframework.boot.test.autoconfigure.web.servlet.WebDriverTestExecutionListener, org.springframework.boot.test.mock.mockito.MockitoTestExecutionListener, org.springframework.boot.test.mock.mockito.ResetMocksTestExecutionListener, org.springframework.test.context.web.ServletTestExecutionListener, org.springframework.test.context.support.DirtiesContextBeforeModesTestExecutionListener, org.springframework.test.context.support.DependencyInjectionTestExecutionListener, org.springframework.test.context.support.DirtiesContextTestExecutionListener, org.springframework.test.context.transaction.TransactionalTestExecutionListener, org.springframework.test.context.jdbc.SqlScriptsTestExecutionListener]
2019-09-18 19:15:07.559  INFO 14880 --- [    Test worker] .b.t.c.SpringBootTestContextBootstrapper : Using TestExecutionListeners: [org.springframework.test.context.web.ServletTestExecutionListener@26ada500, org.springframework.test.context.support.DirtiesContextBeforeModesTestExecutionListener@71c17b7a, org.springframework.boot.test.mock.mockito.MockitoTestExecutionListener@3705671b, org.springframework.boot.test.autoconfigure.SpringBootDependencyInjectionTestExecutionListener@184116e0, org.springframework.test.context.support.DirtiesContextTestExecutionListener@530f354d, org.springframework.test.context.transaction.TransactionalTestExecutionListener@296f9efd, org.springframework.test.context.jdbc.SqlScriptsTestExecutionListener@35ce0974, org.springframework.boot.test.autoconfigure.restdocs.RestDocsTestExecutionListener@2528ef3b, org.springframework.boot.test.autoconfigure.web.client.MockRestServiceServerResetTestExecutionListener@f27138e, org.springframework.boot.test.autoconfigure.web.servlet.MockMvcPrintOnlyOnFailureTestExecutionListener@5a6aece1, org.springframework.boot.test.autoconfigure.web.servlet.WebDriverTestExecutionListener@1faacb71, org.springframework.boot.test.mock.mockito.ResetMocksTestExecutionListener@7d99ae88]
]]></system-out>
  <system-err><![CDATA[]]></system-err>
</testsuite>
