<?xml version="1.0" encoding="UTF-8"?>
<testsuite name="be.doji.productivity.trambu.front.controller.state.ActivityModelContainerIntegrationTest" tests="8" skipped="0" failures="0" errors="0" timestamp="2019-09-18T17:15:06" hostname="Raiko" time="0.945">
  <properties/>
  <testcase name="saveActivities_writeToRepository" classname="be.doji.productivity.trambu.front.controller.state.ActivityModelContainerIntegrationTest" time="0.026"/>
  <testcase name="saveActivities_doesnNotwriteToFile_ifFileDoesNotExist" classname="be.doji.productivity.trambu.front.controller.state.ActivityModelContainerIntegrationTest" time="0.694"/>
  <testcase name="saveActivities_writeToFile" classname="be.doji.productivity.trambu.front.controller.state.ActivityModelContainerIntegrationTest" time="0.021"/>
  <testcase name="saveActivities_writeToFile_onlyWritesOnce" classname="be.doji.productivity.trambu.front.controller.state.ActivityModelContainerIntegrationTest" time="0.048"/>
  <testcase name="loadActivities_timeLogsAreLoaded" classname="be.doji.productivity.trambu.front.controller.state.ActivityModelContainerIntegrationTest" time="0.077"/>
  <testcase name="createActivities_createsActivity" classname="be.doji.productivity.trambu.front.controller.state.ActivityModelContainerIntegrationTest" time="0.017"/>
  <testcase name="init_loadsActivities" classname="be.doji.productivity.trambu.front.controller.state.ActivityModelContainerIntegrationTest" time="0.026"/>
  <testcase name="saveActivities_timeLogsAreSaved" classname="be.doji.productivity.trambu.front.controller.state.ActivityModelContainerIntegrationTest" time="0.032"/>
  <system-out><![CDATA[2019-09-18 19:15:06.571  INFO 14880 --- [    Test worker] .b.t.c.SpringBootTestContextBootstrapper : Neither @ContextConfiguration nor @ContextHierarchy found for test class [be.doji.productivity.trambu.front.controller.state.ActivityModelContainerIntegrationTest], using SpringBootContextLoader
2019-09-18 19:15:06.572  INFO 14880 --- [    Test worker] o.s.t.c.support.AbstractContextLoader    : Could not detect default resource locations for test class [be.doji.productivity.trambu.front.controller.state.ActivityModelContainerIntegrationTest]: no resource found for suffixes {-context.xml, Context.groovy}.
2019-09-18 19:15:06.572  INFO 14880 --- [    Test worker] t.c.s.AnnotationConfigContextLoaderUtils : Could not detect default configuration classes for test class [be.doji.productivity.trambu.front.controller.state.ActivityModelContainerIntegrationTest]: ActivityModelContainerIntegrationTest does not declare any static, non-private, non-final, nested classes annotated with @Configuration.
2019-09-18 19:15:06.577  INFO 14880 --- [    Test worker] .b.t.c.SpringBootTestContextBootstrapper : Found @SpringBootConfiguration be.doji.productivity.trambu.front.TrambuWebApplication for test class be.doji.productivity.trambu.front.controller.state.ActivityModelContainerIntegrationTest
2019-09-18 19:15:06.578  INFO 14880 --- [    Test worker] .b.t.c.SpringBootTestContextBootstrapper : Loaded default TestExecutionListener class names from location [META-INF/spring.factories]: [org.springframework.boot.test.autoconfigure.restdocs.RestDocsTestExecutionListener, org.springframework.boot.test.autoconfigure.web.client.MockRestServiceServerResetTestExecutionListener, org.springframework.boot.test.autoconfigure.web.servlet.MockMvcPrintOnlyOnFailureTestExecutionListener, org.springframework.boot.test.autoconfigure.web.servlet.WebDriverTestExecutionListener, org.springframework.boot.test.mock.mockito.MockitoTestExecutionListener, org.springframework.boot.test.mock.mockito.ResetMocksTestExecutionListener, org.springframework.test.context.web.ServletTestExecutionListener, org.springframework.test.context.support.DirtiesContextBeforeModesTestExecutionListener, org.springframework.test.context.support.DependencyInjectionTestExecutionListener, org.springframework.test.context.support.DirtiesContextTestExecutionListener, org.springframework.test.context.transaction.TransactionalTestExecutionListener, org.springframework.test.context.jdbc.SqlScriptsTestExecutionListener]
2019-09-18 19:15:06.579  INFO 14880 --- [    Test worker] .b.t.c.SpringBootTestContextBootstrapper : Using TestExecutionListeners: [org.springframework.test.context.web.ServletTestExecutionListener@32ab3624, org.springframework.test.context.support.DirtiesContextBeforeModesTestExecutionListener@7c5b0566, org.springframework.boot.test.mock.mockito.MockitoTestExecutionListener@426f0b0b, org.springframework.boot.test.autoconfigure.SpringBootDependencyInjectionTestExecutionListener@5fdae8a5, org.springframework.test.context.support.DirtiesContextTestExecutionListener@342bef6c, org.springframework.test.context.transaction.TransactionalTestExecutionListener@10ffbcba, org.springframework.test.context.jdbc.SqlScriptsTestExecutionListener@2af2dafd, org.springframework.boot.test.autoconfigure.restdocs.RestDocsTestExecutionListener@22e580c6, org.springframework.boot.test.autoconfigure.web.client.MockRestServiceServerResetTestExecutionListener@495e4b79, org.springframework.boot.test.autoconfigure.web.servlet.MockMvcPrintOnlyOnFailureTestExecutionListener@24a93484, org.springframework.boot.test.autoconfigure.web.servlet.WebDriverTestExecutionListener@183037de, org.springframework.boot.test.mock.mockito.ResetMocksTestExecutionListener@165d67ae]
2019-09-18 19:15:06.591  INFO 14880 --- [    Test worker] b.d.p.t.infrastructure.file.FileLoader   : Timelog data loaded.
2019-09-18 19:15:06.605  INFO 14880 --- [    Test worker] b.d.p.t.f.c.s.ActivityModelContainer     : Saving complete
2019-09-18 19:15:06.616  INFO 14880 --- [    Test worker] b.d.p.t.infrastructure.file.FileLoader   : Timelog data loaded.
2019-09-18 19:15:06.624 ERROR 14880 --- [    Test worker] b.d.p.t.f.c.s.ActivityModelContainer     : No output file found!
2019-09-18 19:15:06.627  INFO 14880 --- [    Test worker] b.d.p.t.f.c.s.ActivityModelContainer     : Saving complete
2019-09-18 19:15:07.311  INFO 14880 --- [    Test worker] b.d.p.t.infrastructure.file.FileLoader   : Timelog data loaded.
2019-09-18 19:15:07.325  INFO 14880 --- [    Test worker] b.d.p.t.f.c.s.ActivityModelContainer     : Saving complete
2019-09-18 19:15:07.332  INFO 14880 --- [    Test worker] b.d.p.t.infrastructure.file.FileLoader   : Timelog data loaded.
2019-09-18 19:15:07.352  INFO 14880 --- [    Test worker] b.d.p.t.f.c.s.ActivityModelContainer     : Saving complete
2019-09-18 19:15:07.372  INFO 14880 --- [    Test worker] b.d.p.t.f.c.s.ActivityModelContainer     : Saving complete
2019-09-18 19:15:07.382  INFO 14880 --- [    Test worker] b.d.p.t.infrastructure.file.FileLoader   : Timelog data loaded.
2019-09-18 19:15:07.387  INFO 14880 --- [    Test worker] b.d.p.t.infrastructure.file.FileLoader   : Timelog data loaded.
2019-09-18 19:15:07.444  INFO 14880 --- [    Test worker] b.d.p.t.infrastructure.file.FileLoader   : Timelog data loaded.
2019-09-18 19:15:07.465  INFO 14880 --- [    Test worker] b.d.p.t.infrastructure.file.FileLoader   : Timelog data loaded.
2019-09-18 19:15:07.475  INFO 14880 --- [    Test worker] b.d.p.t.infrastructure.file.FileLoader   : Timelog data loaded.
2019-09-18 19:15:07.489  INFO 14880 --- [    Test worker] b.d.p.t.infrastructure.file.FileLoader   : Timelog data loaded.
2019-09-18 19:15:07.505  INFO 14880 --- [    Test worker] b.d.p.t.infrastructure.file.FileLoader   : Timelog data loaded.
2019-09-18 19:15:07.509  INFO 14880 --- [    Test worker] b.d.p.t.infrastructure.file.FileLoader   : Timelog data loaded.
2019-09-18 19:15:07.526  INFO 14880 --- [    Test worker] b.d.p.t.f.c.s.ActivityModelContainer     : Saving complete
]]></system-out>
  <system-err><![CDATA[]]></system-err>
</testsuite>
