<?xml version="1.0" encoding="UTF-8"?>
<testsuite name="be.doji.productivity.trambu.front.calculator.TimeSpentCalculatorTest" tests="2" skipped="0" failures="0" errors="0" timestamp="2019-09-18T17:14:59" hostname="Raiko" time="0.127">
  <properties/>
  <testcase name="hoursSpentTotal_StartAfterEnd" classname="be.doji.productivity.trambu.front.calculator.TimeSpentCalculatorTest" time="0.126"/>
  <testcase name="hoursSpentTotal_NoEnd" classname="be.doji.productivity.trambu.front.calculator.TimeSpentCalculatorTest" time="0.001"/>
  <system-out><![CDATA[]]></system-out>
  <system-err><![CDATA[]]></system-err>
</testsuite>
