<?xml version="1.0" encoding="UTF-8"?>
<testsuite name="be.doji.productivity.trambu.front.controller.state.ThemeControllerTest" tests="2" skipped="0" failures="0" errors="0" timestamp="2019-09-18T17:15:07" hostname="Raiko" time="0.015">
  <properties/>
  <testcase name="defaultTheme_isTrambuDark" classname="be.doji.productivity.trambu.front.controller.state.ThemeControllerTest" time="0.012"/>
  <testcase name="init_createsThemeList" classname="be.doji.productivity.trambu.front.controller.state.ThemeControllerTest" time="0.002"/>
  <system-out><![CDATA[2019-09-18 19:15:07.529  INFO 14880 --- [    Test worker] .b.t.c.SpringBootTestContextBootstrapper : Neither @ContextConfiguration nor @ContextHierarchy found for test class [be.doji.productivity.trambu.front.controller.state.ThemeControllerTest], using SpringBootContextLoader
2019-09-18 19:15:07.529  INFO 14880 --- [    Test worker] o.s.t.c.support.AbstractContextLoader    : Could not detect default resource locations for test class [be.doji.productivity.trambu.front.controller.state.ThemeControllerTest]: no resource found for suffixes {-context.xml, Context.groovy}.
2019-09-18 19:15:07.530  INFO 14880 --- [    Test worker] t.c.s.AnnotationConfigContextLoaderUtils : Could not detect default configuration classes for test class [be.doji.productivity.trambu.front.controller.state.ThemeControllerTest]: ThemeControllerTest does not declare any static, non-private, non-final, nested classes annotated with @Configuration.
2019-09-18 19:15:07.530  INFO 14880 --- [    Test worker] .b.t.c.SpringBootTestContextBootstrapper : Found @SpringBootConfiguration be.doji.productivity.trambu.front.TrambuWebApplication for test class be.doji.productivity.trambu.front.controller.state.ThemeControllerTest
2019-09-18 19:15:07.531  INFO 14880 --- [    Test worker] .b.t.c.SpringBootTestContextBootstrapper : Loaded default TestExecutionListener class names from location [META-INF/spring.factories]: [org.springframework.boot.test.autoconfigure.restdocs.RestDocsTestExecutionListener, org.springframework.boot.test.autoconfigure.web.client.MockRestServiceServerResetTestExecutionListener, org.springframework.boot.test.autoconfigure.web.servlet.MockMvcPrintOnlyOnFailureTestExecutionListener, org.springframework.boot.test.autoconfigure.web.servlet.WebDriverTestExecutionListener, org.springframework.boot.test.mock.mockito.MockitoTestExecutionListener, org.springframework.boot.test.mock.mockito.ResetMocksTestExecutionListener, org.springframework.test.context.web.ServletTestExecutionListener, org.springframework.test.context.support.DirtiesContextBeforeModesTestExecutionListener, org.springframework.test.context.support.DependencyInjectionTestExecutionListener, org.springframework.test.context.support.DirtiesContextTestExecutionListener, org.springframework.test.context.transaction.TransactionalTestExecutionListener, org.springframework.test.context.jdbc.SqlScriptsTestExecutionListener]
2019-09-18 19:15:07.532  INFO 14880 --- [    Test worker] .b.t.c.SpringBootTestContextBootstrapper : Using TestExecutionListeners: [org.springframework.test.context.web.ServletTestExecutionListener@75ae750c, org.springframework.test.context.support.DirtiesContextBeforeModesTestExecutionListener@7eb84067, org.springframework.boot.test.mock.mockito.MockitoTestExecutionListener@40a816c8, org.springframework.boot.test.autoconfigure.SpringBootDependencyInjectionTestExecutionListener@2c16baf1, org.springframework.test.context.support.DirtiesContextTestExecutionListener@2a16bc6a, org.springframework.test.context.transaction.TransactionalTestExecutionListener@16116a37, org.springframework.test.context.jdbc.SqlScriptsTestExecutionListener@160f206b, org.springframework.boot.test.autoconfigure.restdocs.RestDocsTestExecutionListener@fd7d169, org.springframework.boot.test.autoconfigure.web.client.MockRestServiceServerResetTestExecutionListener@103dc915, org.springframework.boot.test.autoconfigure.web.servlet.MockMvcPrintOnlyOnFailureTestExecutionListener@de059f7, org.springframework.boot.test.autoconfigure.web.servlet.WebDriverTestExecutionListener@62833c58, org.springframework.boot.test.mock.mockito.ResetMocksTestExecutionListener@536ee5f8]
]]></system-out>
  <system-err><![CDATA[]]></system-err>
</testsuite>
