<?xml version="1.0" encoding="UTF-8"?>
<testsuite name="applicationIsRunning․story" tests="1" skipped="0" failures="0" errors="0" timestamp="2019-06-05T12:30:05" hostname="Raiko" time="4.528">
  <properties/>
  <testcase name="classMethod" classname="applicationIsRunning․story" time="4.528"/>
  <system-out><![CDATA[Narrative:
As a n EndUser
I want to be able to open the application
So that I can start tracking my activities
Scenario: Opening TRAMBU
]]></system-out>
  <system-err><![CDATA[]]></system-err>
</testsuite>
