<?xml version="1.0" encoding="UTF-8"?>
<testsuite name="java.lang.Object" tests="2" skipped="0" failures="0" errors="0" timestamp="2019-06-05T12:30:05" hostname="Raiko" time="4.736">
  <properties/>
  <testcase name="BeforeStories" classname="java.lang.Object" time="0.085"/>
  <testcase name="AfterStories" classname="java.lang.Object" time="0.006"/>
  <system-out><![CDATA[

]]></system-out>
  <system-err><![CDATA[]]></system-err>
</testsuite>
