<?xml version="1.0" encoding="UTF-8"?>
<testsuite name="Scenario: Opening TRAMBU" tests="1" skipped="0" failures="0" errors="0" timestamp="2019-06-05T12:30:05" hostname="Raiko" time="4.44">
  <properties/>
  <testcase name="classMethod" classname="Scenario: Opening TRAMBU" time="4.44"/>
  <system-out><![CDATA[]]></system-out>
  <system-err><![CDATA[]]></system-err>
</testsuite>
