<?xml version="1.0" encoding="UTF-8"?>
<testsuite name="be.doji.productivity.trambu.timetracking.domain.TimeLogTest" tests="2" skipped="0" failures="0" errors="0" timestamp="2019-09-15T15:04:41" hostname="Raiko" time="0.193">
  <properties/>
  <testcase name="construction" classname="be.doji.productivity.trambu.timetracking.domain.TimeLogTest" time="0.105"/>
  <testcase name="registerTime_manual" classname="be.doji.productivity.trambu.timetracking.domain.TimeLogTest" time="0.088"/>
  <system-out><![CDATA[]]></system-out>
  <system-err><![CDATA[]]></system-err>
</testsuite>
